Build started 6/15/2014 1:13:08 AM.
     1>Project "C:\Users\Ben\Desktop\EX06_05\EX06_05\EX06_05.vcxproj" on node 2 (Build target(s)).
     1>ClCompile:
         C:\Program Files (x86)\Microsoft Visual Studio 12.0\VC\bin\CL.exe /c /ZI /nologo /W3 /WX- /Od /Oy- /D WIN32 /D _DEBUG /D _CONSOLE /D _LIB /D _UNICODE /D UNICODE /Gm /EHsc /RTC1 /MDd /GS /fp:precise /Zc:wchar_t /Zc:forScope /Fo"Debug\\" /Fd"Debug\vc120.pdb" /Gd /TP /analyze- /errorReport:prompt Complex.cpp TestComplex.cpp
         TestComplex.cpp
     1>c:\users\ben\desktop\ex06_05\ex06_05\complex.h(17): error C2146: syntax error : missing ';' before identifier 'toString'
     1>c:\users\ben\desktop\ex06_05\ex06_05\complex.h(17): error C4430: missing type specifier - int assumed. Note: C++ does not support default-int
     1>c:\users\ben\desktop\ex06_05\ex06_05\complex.h(17): warning C4183: 'toString': missing return type; assumed to be a member function returning 'int'
         Complex.cpp
     1>c:\users\ben\desktop\ex06_05\ex06_05\complex.h(17): error C2146: syntax error : missing ';' before identifier 'toString'
     1>c:\users\ben\desktop\ex06_05\ex06_05\complex.h(17): error C4430: missing type specifier - int assumed. Note: C++ does not support default-int
     1>c:\users\ben\desktop\ex06_05\ex06_05\complex.h(17): warning C4183: 'toString': missing return type; assumed to be a member function returning 'int'
         Generating Code...
     1>Done Building Project "C:\Users\Ben\Desktop\EX06_05\EX06_05\EX06_05.vcxproj" (Build target(s)) -- FAILED.

Build FAILED.

Time Elapsed 00:00:01.43
